<?xml version="1.0" encoding="UTF-8"?>
<testsuite xmlns:xsi="http://www.w3.org/2001/XMLSchema-instance" xsi:noNamespaceSchemaLocation="https://maven.apache.org/surefire/maven-surefire-plugin/xsd/surefire-test-report-3.0.xsd" version="3.0" name="rindus.automationtest.steps.RunCucumberTest" time="27.163" tests="1" errors="1" skipped="0" failures="0">
  <properties>
[...]
</properties>
  <testcase name="Add items to cart" classname="Buying from amazon" time="26.99">
    <error type="org.openqa.selenium.ElementNotInteractableException"><![CDATA[org.openqa.selenium.ElementNotInteractableException: 
element not interactable
  (Session info: chrome=94.0.4606.81)
Build info: version: '3.141.59', revision: 'e82be7d358', time: '2018-11-14T08:17:03'
System info: host: '6DK54Q2', ip: '10.198.205.218', os.name: 'Windows 10', os.arch: 'amd64', os.version: '10.0', java.version: '1.8.0_301'
Driver info: org.openqa.selenium.chrome.ChromeDriver
Capabilities {acceptInsecureCerts: false, browserName: chrome, browserVersion: 94.0.4606.81, chrome: {chromedriverVersion: 93.0.4577.63 (ff5c0da2ec0ad..., userDataDir: C:\Users\jm91460\AppData\Lo...}, goog:chromeOptions: {debuggerAddress: localhost:50206}, javascriptEnabled: true, networkConnectionEnabled: false, pageLoadStrategy: normal, platform: WINDOWS, platformName: WINDOWS, proxy: Proxy(), setWindowRect: true, strictFileInteractability: false, timeouts: {implicit: 0, pageLoad: 300000, script: 30000}, unhandledPromptBehavior: dismiss and notify, webauthn:extension:credBlob: true, webauthn:extension:largeBlob: true, webauthn:virtualAuthenticators: true}
Session ID: 20127c9aabb52499bc97b471d608625c
]]></error>
    <system-out><![CDATA[
@AcceptanceTest
Scenario: Add items to cart             &amp#27;[90m# rindus/automationtest/features/Buy.feature:4&amp#27;[0m
  &amp#27;[32mGiven &amp#27;[0m&amp#27;[32mI have open HomePage&amp#27;[0m            &amp#27;[90m# rindus.automationtest.steps.BuySteps.i_have_open_homePage()&amp#27;[0m
  &amp#27;[32mWhen &amp#27;[0m&amp#27;[32mI search item "&amp#27;[0m&amp#27;[32m&amp#27;[1mHats for men&amp#27;[0m&amp#27;[32m"&amp#27;[0m     &amp#27;[90m# rindus.automationtest.steps.BuySteps.i_search_item_something(java.lang.String)&amp#27;[0m
getItemList
before clivk
afte clivk
  &amp#27;[32mWhen &amp#27;[0m&amp#27;[32mI open the item "&amp#27;[0m&amp#27;[32m&amp#27;[1m1&amp#27;[0m&amp#27;[32m"&amp#27;[0m              &amp#27;[90m# rindus.automationtest.steps.BuySteps.i_open_the_something_item(int)&amp#27;[0m
  &amp#27;[31mWhen &amp#27;[0m&amp#27;[31mI add "&amp#27;[0m&amp#27;[31m&amp#27;[1m2&amp#27;[0m&amp#27;[31m" in quantity&amp#27;[0m            &amp#27;[90m# rindus.automationtest.steps.BuySteps.i_add_something_in_quantity(java.lang.String)&amp#27;[0m
      &amp#27;[31morg.openqa.selenium.ElementNotInteractableException: element not interactable
  (Session info: chrome=94.0.4606.81)
Build info: version: '3.141.59', revision: 'e82be7d358', time: '2018-11-14T08:17:03'
System info: host: '6DK54Q2', ip: '10.198.205.218', os.name: 'Windows 10', os.arch: 'amd64', os.version: '10.0', java.version: '1.8.0_301'
Driver info: org.openqa.selenium.chrome.ChromeDriver
Capabilities {acceptInsecureCerts: false, browserName: chrome, browserVersion: 94.0.4606.81, chrome: {chromedriverVersion: 93.0.4577.63 (ff5c0da2ec0ad..., userDataDir: C:\Users\jm91460\AppData\Lo...}, goog:chromeOptions: {debuggerAddress: localhost:50206}, javascriptEnabled: true, networkConnectionEnabled: false, pageLoadStrategy: normal, platform: WINDOWS, platformName: WINDOWS, proxy: Proxy(), setWindowRect: true, strictFileInteractability: false, timeouts: {implicit: 0, pageLoad: 300000, script: 30000}, unhandledPromptBehavior: dismiss and notify, webauthn:extension:credBlob: true, webauthn:extension:largeBlob: true, webauthn:virtualAuthenticators: true}
Session ID: 20127c9aabb52499bc97b471d608625c
	at sun.reflect.NativeConstructorAccessorImpl.newInstance0(Native Method)
	at sun.reflect.NativeConstructorAccessorImpl.newInstance(Unknown Source)
	at sun.reflect.DelegatingConstructorAccessorImpl.newInstance(Unknown Source)
	at java.lang.reflect.Constructor.newInstance(Unknown Source)
	at org.openqa.selenium.remote.http.W3CHttpResponseCodec.createException(W3CHttpResponseCodec.java:187)
	at org.openqa.selenium.remote.http.W3CHttpResponseCodec.decode(W3CHttpResponseCodec.java:122)
	at org.openqa.selenium.remote.http.W3CHttpResponseCodec.decode(W3CHttpResponseCodec.java:49)
	at org.openqa.selenium.remote.HttpCommandExecutor.execute(HttpCommandExecutor.java:158)
	at org.openqa.selenium.remote.service.DriverCommandExecutor.execute(DriverCommandExecutor.java:83)
	at org.openqa.selenium.remote.RemoteWebDriver.execute(RemoteWebDriver.java:552)
	at org.openqa.selenium.remote.RemoteWebElement.execute(RemoteWebElement.java:285)
	at org.openqa.selenium.remote.RemoteWebElement.click(RemoteWebElement.java:84)
	at rindus.automationtest.pages.ItemPage.setQtyDropdownByIndex(ItemPage.java:21)
	at rindus.automationtest.steps.BuySteps.i_add_something_in_quantity(BuySteps.java:49)
	at âœ½.I add "2" in quantity(classpath:rindus/automationtest/features/Buy.feature:8)
&amp#27;[0m
  &amp#27;[36mWhen &amp#27;[0m&amp#27;[36mI open the cart&amp#27;[0m                  &amp#27;[90m# rindus.automationtest.steps.BuySteps.i_open_the_cart()&amp#27;[0m
  &amp#27;[36mThen &amp#27;[0m&amp#27;[36mVerify price and quantity&amp#27;[0m        &amp#27;[90m# rindus.automationtest.steps.BuySteps.verify_price_and_quantity()&amp#27;[0m
  &amp#27;[36mWhen &amp#27;[0m&amp#27;[36mI change quantity in cart to "&amp#27;[0m&amp#27;[36m&amp#27;[1m1&amp#27;[0m&amp#27;[36m"&amp#27;[0m &amp#27;[90m# rindus.automationtest.steps.BuySteps.i_change_quantity_in_cart_to_something(java.lang.String)&amp#27;[0m
  &amp#27;[36mThen &amp#27;[0m&amp#27;[36mVerify price and quantity&amp#27;[0m        &amp#27;[90m# rindus.automationtest.steps.BuySteps.verify_price_and_quantity()&amp#27;[0m
]]></system-out>
    <system-err><![CDATA[Starting ChromeDriver 93.0.4577.63 (ff5c0da2ec0adeaed5550e6c7e98417dac77d98a-refs/branch-heads/4577@{#1135}) on port 25406
Only local connections are allowed.
Please see https://chromedriver.chromium.org/security-considerations for suggestions on keeping ChromeDriver safe.
ChromeDriver was started successfully.
[1634672116.588][WARNING]: This version of ChromeDriver has not been tested with Chrome version 94.
Oct 19, 2021 3:35:16 PM org.openqa.selenium.remote.ProtocolHandshake createSession
INFO: Detected dialect: W3C
]]></system-err>
  </testcase>
</testsuite>